mode: set
github.com/erupshis/effective_mobile/internal/confighelper/confighelper.go:11.63,12.15 1 1
github.com/erupshis/effective_mobile/internal/confighelper/confighelper.go:12.15,14.3 1 1
github.com/erupshis/effective_mobile/internal/confighelper/confighelper.go:16.2,16.31 1 1
github.com/erupshis/effective_mobile/internal/confighelper/confighelper.go:17.12,18.51 1 1
github.com/erupshis/effective_mobile/internal/confighelper/confighelper.go:18.51,20.4 1 1
github.com/erupshis/effective_mobile/internal/confighelper/confighelper.go:20.9,22.4 1 1
github.com/erupshis/effective_mobile/internal/confighelper/confighelper.go:23.14,24.45 1 1
github.com/erupshis/effective_mobile/internal/confighelper/confighelper.go:24.45,26.4 1 1
github.com/erupshis/effective_mobile/internal/confighelper/confighelper.go:26.9,28.4 1 1
github.com/erupshis/effective_mobile/internal/confighelper/confighelper.go:29.15,30.15 1 1
github.com/erupshis/effective_mobile/internal/confighelper/confighelper.go:31.17,32.35 1 1
github.com/erupshis/effective_mobile/internal/confighelper/confighelper.go:33.10,34.46 1 1
github.com/erupshis/effective_mobile/internal/confighelper/confighelper.go:37.2,37.12 1 1
github.com/erupshis/effective_mobile/internal/confighelper/confighelper.go:40.42,42.2 1 1
github.com/erupshis/effective_mobile/internal/server/helpers/msghelper/msghelper.go:13.121,14.20 1 1
github.com/erupshis/effective_mobile/internal/server/helpers/msghelper/msghelper.go:14.20,16.3 1 1
github.com/erupshis/effective_mobile/internal/server/helpers/msghelper/msghelper.go:18.2,18.16 1 1
github.com/erupshis/effective_mobile/internal/server/helpers/msghelper/msghelper.go:18.16,20.3 1 1
github.com/erupshis/effective_mobile/internal/server/helpers/msghelper/msghelper.go:22.2,23.16 2 1
github.com/erupshis/effective_mobile/internal/server/helpers/msghelper/msghelper.go:23.16,25.3 1 1
github.com/erupshis/effective_mobile/internal/server/helpers/msghelper/msghelper.go:27.2,32.12 2 1
github.com/erupshis/effective_mobile/internal/server/helpers/msghelper/msghelper.go:36.72,37.16 1 1
github.com/erupshis/effective_mobile/internal/server/helpers/msghelper/msghelper.go:37.16,39.3 1 1
github.com/erupshis/effective_mobile/internal/server/helpers/msghelper/msghelper.go:41.2,47.26 2 1
github.com/erupshis/effective_mobile/internal/server/helpers/msghelper/msghelper.go:47.26,49.3 1 0
github.com/erupshis/effective_mobile/internal/server/helpers/msghelper/msghelper.go:51.2,51.22 1 1
github.com/erupshis/effective_mobile/internal/server/helpers/msghelper/msghelper.go:55.70,57.30 2 1
github.com/erupshis/effective_mobile/internal/server/helpers/msghelper/msghelper.go:57.30,59.3 1 1
github.com/erupshis/effective_mobile/internal/server/helpers/msghelper/msghelper.go:61.2,61.27 1 1
github.com/erupshis/effective_mobile/internal/server/helpers/msghelper/msghelper.go:61.27,62.17 1 1
github.com/erupshis/effective_mobile/internal/server/helpers/msghelper/msghelper.go:62.17,64.4 1 1
github.com/erupshis/effective_mobile/internal/server/helpers/msghelper/msghelper.go:64.9,66.4 1 1
github.com/erupshis/effective_mobile/internal/server/helpers/msghelper/msghelper.go:69.2,69.24 1 1
github.com/erupshis/effective_mobile/internal/server/helpers/requestshelper/requestshelper.go:19.79,21.61 2 1
github.com/erupshis/effective_mobile/internal/server/helpers/requestshelper/requestshelper.go:21.61,23.3 1 1
github.com/erupshis/effective_mobile/internal/server/helpers/requestshelper/requestshelper.go:25.2,25.24 1 1
github.com/erupshis/effective_mobile/internal/server/helpers/requestshelper/requestshelper.go:30.81,32.47 2 1
github.com/erupshis/effective_mobile/internal/server/helpers/requestshelper/requestshelper.go:32.47,33.28 1 1
github.com/erupshis/effective_mobile/internal/server/helpers/requestshelper/requestshelper.go:33.28,36.4 2 1
github.com/erupshis/effective_mobile/internal/server/helpers/requestshelper/requestshelper.go:39.2,40.39 2 1
github.com/erupshis/effective_mobile/internal/server/helpers/requestshelper/requestshelper.go:40.39,42.3 1 1
github.com/erupshis/effective_mobile/internal/server/helpers/requestshelper/requestshelper.go:44.2,44.17 1 1
github.com/erupshis/effective_mobile/internal/server/helpers/requestshelper/requestshelper.go:49.91,54.21 4 1
github.com/erupshis/effective_mobile/internal/server/helpers/requestshelper/requestshelper.go:54.21,56.3 1 1
github.com/erupshis/effective_mobile/internal/server/helpers/requestshelper/requestshelper.go:58.2,59.24 2 1
github.com/erupshis/effective_mobile/internal/server/helpers/requestshelper/requestshelper.go:59.24,61.3 1 1
github.com/erupshis/effective_mobile/internal/server/helpers/requestshelper/requestshelper.go:63.2,65.22 2 1
github.com/erupshis/effective_mobile/internal/server/helpers/requestshelper/requestshelper.go:65.22,66.20 1 1
github.com/erupshis/effective_mobile/internal/server/helpers/requestshelper/requestshelper.go:66.20,68.4 1 1
github.com/erupshis/effective_mobile/internal/server/helpers/requestshelper/requestshelper.go:70.3,71.24 2 1
github.com/erupshis/effective_mobile/internal/server/helpers/requestshelper/requestshelper.go:71.24,73.4 1 1
github.com/erupshis/effective_mobile/internal/server/helpers/requestshelper/requestshelper.go:75.3,76.25 2 1
github.com/erupshis/effective_mobile/internal/server/helpers/requestshelper/requestshelper.go:76.25,78.4 1 1
github.com/erupshis/effective_mobile/internal/server/helpers/requestshelper/requestshelper.go:81.2,82.20 2 1
github.com/erupshis/effective_mobile/internal/server/helpers/requestshelper/requestshelper.go:82.20,84.3 1 1
github.com/erupshis/effective_mobile/internal/server/helpers/requestshelper/requestshelper.go:86.2,86.87 1 1
github.com/erupshis/effective_mobile/internal/server/helpers/requestshelper/requestshelper.go:86.87,88.3 1 1
github.com/erupshis/effective_mobile/internal/server/helpers/requestshelper/requestshelper.go:90.2,90.18 1 1
github.com/erupshis/effective_mobile/internal/server/helpers/requestshelper/requestshelper.go:95.73,97.47 2 1
github.com/erupshis/effective_mobile/internal/server/helpers/requestshelper/requestshelper.go:97.47,98.37 1 1
github.com/erupshis/effective_mobile/internal/server/helpers/requestshelper/requestshelper.go:98.37,100.4 1 1
github.com/erupshis/effective_mobile/internal/server/helpers/requestshelper/requestshelper.go:102.2,102.12 1 1
github.com/erupshis/effective_mobile/internal/server/helpers/requestshelper/requestshelper.go:106.101,110.39 3 1
github.com/erupshis/effective_mobile/internal/server/helpers/requestshelper/requestshelper.go:110.39,113.3 2 1
github.com/erupshis/effective_mobile/internal/server/helpers/requestshelper/requestshelper.go:115.2,115.40 1 1
github.com/erupshis/effective_mobile/internal/server/helpers/requestshelper/requestshelper.go:115.40,118.3 2 1
github.com/erupshis/effective_mobile/internal/server/helpers/requestshelper/requestshelper.go:120.2,120.34 1 1
github.com/erupshis/effective_mobile/internal/server/helpers/requestshelper/requestshelper.go:124.58,126.31 2 1
github.com/erupshis/effective_mobile/internal/server/helpers/requestshelper/requestshelper.go:127.14,129.17 2 1
github.com/erupshis/effective_mobile/internal/server/helpers/requestshelper/requestshelper.go:129.17,131.18 2 1
github.com/erupshis/effective_mobile/internal/server/helpers/requestshelper/requestshelper.go:131.18,133.5 1 1
github.com/erupshis/effective_mobile/internal/server/helpers/requestshelper/requestshelper.go:133.10,135.5 1 1
github.com/erupshis/effective_mobile/internal/server/helpers/requestshelper/requestshelper.go:136.4,136.9 1 1
github.com/erupshis/effective_mobile/internal/server/helpers/requestshelper/requestshelper.go:138.3,138.22 1 1
github.com/erupshis/effective_mobile/internal/server/helpers/requestshelper/requestshelper.go:139.11,140.21 1 1
github.com/erupshis/effective_mobile/internal/server/helpers/requestshelper/requestshelper.go:141.15,142.21 1 1
github.com/erupshis/effective_mobile/internal/server/helpers/requestshelper/requestshelper.go:143.10,144.10 1 1
github.com/erupshis/effective_mobile/internal/server/helpers/requestshelper/requestshelper.go:147.2,147.12 1 1
github.com/erupshis/effective_mobile/internal/retryer/retryer.go:19.80,24.22 4 1
github.com/erupshis/effective_mobile/internal/retryer/retryer.go:24.22,26.3 1 1
github.com/erupshis/effective_mobile/internal/retryer/retryer.go:28.2,31.12 4 1
github.com/erupshis/effective_mobile/internal/retryer/retryer.go:31.12,33.31 2 1
github.com/erupshis/effective_mobile/internal/retryer/retryer.go:33.31,35.4 1 1
github.com/erupshis/effective_mobile/internal/retryer/retryer.go:36.3,39.39 3 1
github.com/erupshis/effective_mobile/internal/retryer/retryer.go:39.39,41.4 1 1
github.com/erupshis/effective_mobile/internal/retryer/retryer.go:42.3,42.14 1 1
github.com/erupshis/effective_mobile/internal/retryer/retryer.go:44.2,44.37 1 1
github.com/erupshis/effective_mobile/internal/retryer/retryer.go:44.37,50.17 6 1
github.com/erupshis/effective_mobile/internal/retryer/retryer.go:50.17,52.4 1 1
github.com/erupshis/effective_mobile/internal/retryer/retryer.go:54.3,55.17 2 1
github.com/erupshis/effective_mobile/internal/retryer/retryer.go:55.17,57.4 1 1
github.com/erupshis/effective_mobile/internal/retryer/retryer.go:59.3,59.43 1 1
github.com/erupshis/effective_mobile/internal/retryer/retryer.go:59.43,60.9 1 1
github.com/erupshis/effective_mobile/internal/retryer/retryer.go:64.2,64.26 1 1
github.com/erupshis/effective_mobile/internal/retryer/retryer.go:68.46,71.22 2 1
github.com/erupshis/effective_mobile/internal/retryer/retryer.go:71.22,73.3 1 1
github.com/erupshis/effective_mobile/internal/retryer/retryer.go:75.2,79.12 4 1
github.com/erupshis/effective_mobile/internal/retryer/retryer.go:79.12,81.31 2 1
github.com/erupshis/effective_mobile/internal/retryer/retryer.go:81.31,83.4 1 1
github.com/erupshis/effective_mobile/internal/retryer/retryer.go:84.3,87.39 3 1
github.com/erupshis/effective_mobile/internal/retryer/retryer.go:87.39,89.4 1 1
github.com/erupshis/effective_mobile/internal/retryer/retryer.go:90.3,90.14 1 1
github.com/erupshis/effective_mobile/internal/retryer/retryer.go:92.2,92.37 1 1
github.com/erupshis/effective_mobile/internal/retryer/retryer.go:92.37,98.17 6 1
github.com/erupshis/effective_mobile/internal/retryer/retryer.go:98.17,100.4 1 1
github.com/erupshis/effective_mobile/internal/retryer/retryer.go:102.3,103.17 2 1
github.com/erupshis/effective_mobile/internal/retryer/retryer.go:103.17,105.4 1 1
github.com/erupshis/effective_mobile/internal/retryer/retryer.go:107.3,107.43 1 1
github.com/erupshis/effective_mobile/internal/retryer/retryer.go:107.43,109.9 2 1
github.com/erupshis/effective_mobile/internal/retryer/retryer.go:113.2,113.12 1 1
github.com/erupshis/effective_mobile/internal/retryer/retryer.go:116.61,117.29 1 1
github.com/erupshis/effective_mobile/internal/retryer/retryer.go:117.29,119.3 1 1
github.com/erupshis/effective_mobile/internal/retryer/retryer.go:121.2,122.51 2 1
github.com/erupshis/effective_mobile/internal/retryer/retryer.go:122.51,123.45 1 1
github.com/erupshis/effective_mobile/internal/retryer/retryer.go:123.45,125.4 1 1
github.com/erupshis/effective_mobile/internal/retryer/retryer.go:128.2,128.17 1 1
