mode: set
github.com/erupshis/effective_mobile/internal/confighelper/confighelper.go:11.57,12.15 1 1
github.com/erupshis/effective_mobile/internal/confighelper/confighelper.go:12.15,14.3 1 0
github.com/erupshis/effective_mobile/internal/confighelper/confighelper.go:16.2,16.31 1 1
github.com/erupshis/effective_mobile/internal/confighelper/confighelper.go:17.12,18.51 1 0
github.com/erupshis/effective_mobile/internal/confighelper/confighelper.go:18.51,20.4 1 0
github.com/erupshis/effective_mobile/internal/confighelper/confighelper.go:20.9,21.14 1 0
github.com/erupshis/effective_mobile/internal/confighelper/confighelper.go:23.14,24.45 1 1
github.com/erupshis/effective_mobile/internal/confighelper/confighelper.go:24.45,26.4 1 1
github.com/erupshis/effective_mobile/internal/confighelper/confighelper.go:26.9,27.14 1 0
github.com/erupshis/effective_mobile/internal/confighelper/confighelper.go:29.15,30.15 1 0
github.com/erupshis/effective_mobile/internal/confighelper/confighelper.go:31.17,32.35 1 0
github.com/erupshis/effective_mobile/internal/confighelper/confighelper.go:33.10,34.46 1 0
github.com/erupshis/effective_mobile/internal/confighelper/confighelper.go:38.42,40.2 1 1
github.com/erupshis/effective_mobile/internal/server/helpers/requestshelper/requestshelper.go:18.79,20.61 2 1
github.com/erupshis/effective_mobile/internal/server/helpers/requestshelper/requestshelper.go:20.61,22.3 1 1
github.com/erupshis/effective_mobile/internal/server/helpers/requestshelper/requestshelper.go:24.2,24.24 1 1
github.com/erupshis/effective_mobile/internal/server/helpers/requestshelper/requestshelper.go:29.81,31.47 2 1
github.com/erupshis/effective_mobile/internal/server/helpers/requestshelper/requestshelper.go:31.47,32.28 1 1
github.com/erupshis/effective_mobile/internal/server/helpers/requestshelper/requestshelper.go:32.28,35.4 2 1
github.com/erupshis/effective_mobile/internal/server/helpers/requestshelper/requestshelper.go:38.2,39.39 2 1
github.com/erupshis/effective_mobile/internal/server/helpers/requestshelper/requestshelper.go:39.39,41.3 1 1
github.com/erupshis/effective_mobile/internal/server/helpers/requestshelper/requestshelper.go:43.2,43.17 1 1
github.com/erupshis/effective_mobile/internal/server/helpers/requestshelper/requestshelper.go:48.91,53.21 4 1
github.com/erupshis/effective_mobile/internal/server/helpers/requestshelper/requestshelper.go:53.21,55.3 1 1
github.com/erupshis/effective_mobile/internal/server/helpers/requestshelper/requestshelper.go:57.2,58.24 2 1
github.com/erupshis/effective_mobile/internal/server/helpers/requestshelper/requestshelper.go:58.24,60.3 1 1
github.com/erupshis/effective_mobile/internal/server/helpers/requestshelper/requestshelper.go:62.2,64.22 2 1
github.com/erupshis/effective_mobile/internal/server/helpers/requestshelper/requestshelper.go:64.22,65.20 1 1
github.com/erupshis/effective_mobile/internal/server/helpers/requestshelper/requestshelper.go:65.20,67.4 1 1
github.com/erupshis/effective_mobile/internal/server/helpers/requestshelper/requestshelper.go:69.3,70.24 2 1
github.com/erupshis/effective_mobile/internal/server/helpers/requestshelper/requestshelper.go:70.24,72.4 1 1
github.com/erupshis/effective_mobile/internal/server/helpers/requestshelper/requestshelper.go:74.3,75.25 2 1
github.com/erupshis/effective_mobile/internal/server/helpers/requestshelper/requestshelper.go:75.25,77.4 1 1
github.com/erupshis/effective_mobile/internal/server/helpers/requestshelper/requestshelper.go:80.2,81.20 2 1
github.com/erupshis/effective_mobile/internal/server/helpers/requestshelper/requestshelper.go:81.20,83.3 1 1
github.com/erupshis/effective_mobile/internal/server/helpers/requestshelper/requestshelper.go:85.2,85.87 1 1
github.com/erupshis/effective_mobile/internal/server/helpers/requestshelper/requestshelper.go:85.87,87.3 1 1
github.com/erupshis/effective_mobile/internal/server/helpers/requestshelper/requestshelper.go:89.2,89.18 1 1
github.com/erupshis/effective_mobile/internal/server/helpers/requestshelper/requestshelper.go:94.73,96.47 2 1
github.com/erupshis/effective_mobile/internal/server/helpers/requestshelper/requestshelper.go:96.47,97.37 1 1
github.com/erupshis/effective_mobile/internal/server/helpers/requestshelper/requestshelper.go:97.37,99.4 1 1
github.com/erupshis/effective_mobile/internal/server/helpers/requestshelper/requestshelper.go:101.2,101.12 1 1
github.com/erupshis/effective_mobile/internal/server/helpers/requestshelper/requestshelper.go:105.101,109.39 3 1
github.com/erupshis/effective_mobile/internal/server/helpers/requestshelper/requestshelper.go:109.39,112.3 2 1
github.com/erupshis/effective_mobile/internal/server/helpers/requestshelper/requestshelper.go:114.2,114.40 1 1
github.com/erupshis/effective_mobile/internal/server/helpers/requestshelper/requestshelper.go:114.40,117.3 2 1
github.com/erupshis/effective_mobile/internal/server/helpers/requestshelper/requestshelper.go:119.2,119.34 1 1
github.com/erupshis/effective_mobile/internal/server/helpers/requestshelper/requestshelper.go:123.58,125.31 2 1
github.com/erupshis/effective_mobile/internal/server/helpers/requestshelper/requestshelper.go:126.14,128.17 2 1
github.com/erupshis/effective_mobile/internal/server/helpers/requestshelper/requestshelper.go:128.17,130.18 2 1
github.com/erupshis/effective_mobile/internal/server/helpers/requestshelper/requestshelper.go:130.18,132.5 1 1
github.com/erupshis/effective_mobile/internal/server/helpers/requestshelper/requestshelper.go:132.10,134.5 1 1
github.com/erupshis/effective_mobile/internal/server/helpers/requestshelper/requestshelper.go:135.4,135.9 1 1
github.com/erupshis/effective_mobile/internal/server/helpers/requestshelper/requestshelper.go:137.3,137.22 1 1
github.com/erupshis/effective_mobile/internal/server/helpers/requestshelper/requestshelper.go:138.11,139.21 1 1
github.com/erupshis/effective_mobile/internal/server/helpers/requestshelper/requestshelper.go:140.15,141.21 1 1
github.com/erupshis/effective_mobile/internal/server/helpers/requestshelper/requestshelper.go:142.10,143.10 1 1
github.com/erupshis/effective_mobile/internal/server/helpers/requestshelper/requestshelper.go:146.2,146.12 1 1
github.com/erupshis/effective_mobile/internal/server/helpers/requestshelper/requestshelper.go:150.60,152.2 1 1
github.com/erupshis/effective_mobile/internal/server/helpers/msghelper/msghelper.go:13.121,14.20 1 1
github.com/erupshis/effective_mobile/internal/server/helpers/msghelper/msghelper.go:14.20,16.3 1 1
github.com/erupshis/effective_mobile/internal/server/helpers/msghelper/msghelper.go:18.2,18.16 1 1
github.com/erupshis/effective_mobile/internal/server/helpers/msghelper/msghelper.go:18.16,20.3 1 1
github.com/erupshis/effective_mobile/internal/server/helpers/msghelper/msghelper.go:22.2,23.16 2 1
github.com/erupshis/effective_mobile/internal/server/helpers/msghelper/msghelper.go:23.16,25.3 1 1
github.com/erupshis/effective_mobile/internal/server/helpers/msghelper/msghelper.go:27.2,32.12 2 1
github.com/erupshis/effective_mobile/internal/server/helpers/msghelper/msghelper.go:36.72,37.16 1 1
github.com/erupshis/effective_mobile/internal/server/helpers/msghelper/msghelper.go:37.16,39.3 1 1
github.com/erupshis/effective_mobile/internal/server/helpers/msghelper/msghelper.go:41.2,47.26 2 1
github.com/erupshis/effective_mobile/internal/server/helpers/msghelper/msghelper.go:47.26,49.3 1 0
github.com/erupshis/effective_mobile/internal/server/helpers/msghelper/msghelper.go:51.2,51.22 1 1
github.com/erupshis/effective_mobile/internal/server/helpers/msghelper/msghelper.go:55.70,57.30 2 1
github.com/erupshis/effective_mobile/internal/server/helpers/msghelper/msghelper.go:57.30,59.3 1 1
github.com/erupshis/effective_mobile/internal/server/helpers/msghelper/msghelper.go:61.2,61.27 1 1
github.com/erupshis/effective_mobile/internal/server/helpers/msghelper/msghelper.go:61.27,62.17 1 1
github.com/erupshis/effective_mobile/internal/server/helpers/msghelper/msghelper.go:62.17,64.4 1 1
github.com/erupshis/effective_mobile/internal/server/helpers/msghelper/msghelper.go:64.9,66.4 1 1
github.com/erupshis/effective_mobile/internal/server/helpers/msghelper/msghelper.go:69.2,69.24 1 1
github.com/erupshis/effective_mobile/internal/retryer/retryer.go:19.80,24.22 4 1
github.com/erupshis/effective_mobile/internal/retryer/retryer.go:24.22,26.3 1 1
github.com/erupshis/effective_mobile/internal/retryer/retryer.go:28.2,31.12 4 1
github.com/erupshis/effective_mobile/internal/retryer/retryer.go:31.12,33.31 2 1
github.com/erupshis/effective_mobile/internal/retryer/retryer.go:33.31,35.4 1 1
github.com/erupshis/effective_mobile/internal/retryer/retryer.go:36.3,39.39 3 1
github.com/erupshis/effective_mobile/internal/retryer/retryer.go:39.39,41.4 1 1
github.com/erupshis/effective_mobile/internal/retryer/retryer.go:42.3,42.14 1 1
github.com/erupshis/effective_mobile/internal/retryer/retryer.go:44.2,44.37 1 1
github.com/erupshis/effective_mobile/internal/retryer/retryer.go:44.37,50.17 6 1
github.com/erupshis/effective_mobile/internal/retryer/retryer.go:50.17,52.4 1 1
github.com/erupshis/effective_mobile/internal/retryer/retryer.go:54.3,55.17 2 1
github.com/erupshis/effective_mobile/internal/retryer/retryer.go:55.17,57.4 1 1
github.com/erupshis/effective_mobile/internal/retryer/retryer.go:59.3,59.43 1 1
github.com/erupshis/effective_mobile/internal/retryer/retryer.go:59.43,60.9 1 1
github.com/erupshis/effective_mobile/internal/retryer/retryer.go:64.2,64.26 1 1
github.com/erupshis/effective_mobile/internal/retryer/retryer.go:68.46,71.22 2 0
github.com/erupshis/effective_mobile/internal/retryer/retryer.go:71.22,73.3 1 0
github.com/erupshis/effective_mobile/internal/retryer/retryer.go:75.2,79.12 4 0
github.com/erupshis/effective_mobile/internal/retryer/retryer.go:79.12,81.31 2 0
github.com/erupshis/effective_mobile/internal/retryer/retryer.go:81.31,83.4 1 0
github.com/erupshis/effective_mobile/internal/retryer/retryer.go:84.3,87.39 3 0
github.com/erupshis/effective_mobile/internal/retryer/retryer.go:87.39,89.4 1 0
github.com/erupshis/effective_mobile/internal/retryer/retryer.go:90.3,90.14 1 0
github.com/erupshis/effective_mobile/internal/retryer/retryer.go:92.2,92.37 1 0
github.com/erupshis/effective_mobile/internal/retryer/retryer.go:92.37,98.17 6 0
github.com/erupshis/effective_mobile/internal/retryer/retryer.go:98.17,100.4 1 0
github.com/erupshis/effective_mobile/internal/retryer/retryer.go:102.3,103.17 2 0
github.com/erupshis/effective_mobile/internal/retryer/retryer.go:103.17,105.4 1 0
github.com/erupshis/effective_mobile/internal/retryer/retryer.go:107.3,107.43 1 0
github.com/erupshis/effective_mobile/internal/retryer/retryer.go:107.43,109.9 2 0
github.com/erupshis/effective_mobile/internal/retryer/retryer.go:113.2,113.12 1 0
github.com/erupshis/effective_mobile/internal/retryer/retryer.go:116.61,117.29 1 1
github.com/erupshis/effective_mobile/internal/retryer/retryer.go:117.29,119.3 1 1
github.com/erupshis/effective_mobile/internal/retryer/retryer.go:121.2,122.51 2 1
github.com/erupshis/effective_mobile/internal/retryer/retryer.go:122.51,123.45 1 1
github.com/erupshis/effective_mobile/internal/retryer/retryer.go:123.45,125.4 1 1
github.com/erupshis/effective_mobile/internal/retryer/retryer.go:128.2,128.17 1 1
